---------------------------------------------------------------

[2019-09-27T15:58:28+08:00] 127.0.0.1 GET demo.com/
[运行时间：0.566677s] [吞吐率：1.76req/s] [内存消耗：2,501.74kb] [文件加载：76]
[ info ] [ LANG ] D:\phpStudy\PHPTutorial\WWW\demo\thinkphp\lang\zh-cn.php
[ info ] [ BIND ] 'index'
[ info ] [ ROUTE ] array (
)
[ info ] [ HEADER ] array (
  'cookie' => 'uid=1; type=1; name=admin',
  'accept-language' => 'zh-CN,zh;q=0.9',
  'accept-encoding' => 'gzip, deflate',
  'accept' => 'text/html,application/xhtml+xml,application/xml;q=0.9,image/webp,image/apng,*/*;q=0.8,application/signed-exchange;v=b3',
  'user-agent' => 'Mozilla/5.0 (Windows NT 10.0; Win64; x64) AppleWebKit/537.36 (KHTML, like Gecko) Chrome/76.0.3809.132 Safari/537.36',
  'upgrade-insecure-requests' => '1',
  'cache-control' => 'max-age=0',
  'connection' => 'close',
  'host' => 'demo.com',
)
[ info ] [ PARAM ] array (
)
[ info ] [ DB ] INIT mysql
[ info ] [ VIEW ] D:\phpStudy\PHPTutorial\WWW\demo\application\index\view\index\index.html [ array (
  0 => 'count',
) ]
[ sql ] [ DB ] CONNECT:[ UseTime:0.273907s ] mysql:host=sql.l211.vhostgo.com;port=3306;dbname=123456lupan;charset=utf8
[ sql ] [ SQL ] SHOW COLUMNS FROM `demo_skill` [ RunTime:0.108221s ]
[ sql ] [ SQL ] SELECT COUNT(*) AS tp_count FROM `demo_skill` WHERE  `status` = 1 [ RunTime:0.106437s ]
---------------------------------------------------------------

[2019-09-27T15:58:30+08:00] 127.0.0.1 GET demo.com/admin.php/Skill/index.html
[运行时间：0.390071s] [吞吐率：2.56req/s] [内存消耗：2,857.91kb] [文件加载：92]
[ info ] [ LANG ] D:\phpStudy\PHPTutorial\WWW\demo\thinkphp\lang\zh-cn.php
[ info ] [ BIND ] 'admin'
[ info ] [ ROUTE ] array (
)
[ info ] [ HEADER ] array (
  'cookie' => 'uid=1; type=1; name=admin',
  'accept-language' => 'zh-CN,zh;q=0.9',
  'accept-encoding' => 'gzip, deflate',
  'referer' => 'http://demo.com/admin.php/User/uList.html',
  'accept' => 'text/html,application/xhtml+xml,application/xml;q=0.9,image/webp,image/apng,*/*;q=0.8,application/signed-exchange;v=b3',
  'user-agent' => 'Mozilla/5.0 (Windows NT 10.0; Win64; x64) AppleWebKit/537.36 (KHTML, like Gecko) Chrome/76.0.3809.132 Safari/537.36',
  'upgrade-insecure-requests' => '1',
  'cache-control' => 'max-age=0',
  'connection' => 'close',
  'host' => 'demo.com',
)
[ info ] [ PARAM ] array (
)
[ info ] [ DB ] INIT mysql
[ info ] [ VIEW ] D:\phpStudy\PHPTutorial\WWW\demo\application\admin\view\index\skillList.html [ array (
  0 => 'menus',
  1 => 'count',
) ]
[ sql ] [ DB ] CONNECT:[ UseTime:0.137944s ] mysql:host=sql.l211.vhostgo.com;port=3306;dbname=123456lupan;charset=utf8
[ sql ] [ SQL ] SHOW COLUMNS FROM `demo_skill` [ RunTime:0.099672s ]
[ sql ] [ SQL ] SELECT COUNT(*) AS tp_count FROM `demo_skill` WHERE  `status` = 1 [ RunTime:0.096490s ]
---------------------------------------------------------------

[2019-09-27T15:58:30+08:00] 127.0.0.1 POST demo.com/admin.php/Skill/index
[运行时间：0.508781s] [吞吐率：1.97req/s] [内存消耗：2,816.29kb] [文件加载：94]
[ info ] [ LANG ] D:\phpStudy\PHPTutorial\WWW\demo\thinkphp\lang\zh-cn.php
[ info ] [ BIND ] 'admin'
[ info ] [ ROUTE ] array (
)
[ info ] [ HEADER ] array (
  'cookie' => 'uid=1; type=1; name=admin',
  'accept-language' => 'zh-CN,zh;q=0.9',
  'accept-encoding' => 'gzip, deflate',
  'referer' => 'http://demo.com/admin.php/Skill/index.html',
  'content-type' => 'application/x-www-form-urlencoded; charset=UTF-8',
  'user-agent' => 'Mozilla/5.0 (Windows NT 10.0; Win64; x64) AppleWebKit/537.36 (KHTML, like Gecko) Chrome/76.0.3809.132 Safari/537.36',
  'x-requested-with' => 'XMLHttpRequest',
  'origin' => 'http://demo.com',
  'accept' => '*/*',
  'content-length' => '36',
  'connection' => 'close',
  'host' => 'demo.com',
)
[ info ] [ PARAM ] array (
  'keyword' => '',
  'searchType' => '1',
  'page' => '1',
  'size' => '10',
)
[ info ] [ DB ] INIT mysql
[ sql ] [ DB ] CONNECT:[ UseTime:0.144636s ] mysql:host=sql.l211.vhostgo.com;port=3306;dbname=123456lupan;charset=utf8
[ sql ] [ SQL ] SHOW COLUMNS FROM `demo_skill` [ RunTime:0.098111s ]
[ sql ] [ SQL ] SELECT COUNT(*) AS tp_count FROM `demo_skill` WHERE  ( status = 1 and  name like '%%' ) [ RunTime:0.098485s ]
[ sql ] [ SQL ] SELECT * FROM `demo_skill` WHERE  ( status = 1 and  name like '%%' ) ORDER BY `name` ASC LIMIT 0,10 [ RunTime:0.099319s ]
---------------------------------------------------------------

[2019-09-27T16:12:14+08:00] 127.0.0.1 GET demo.com/
[运行时间：0.498030s] [吞吐率：2.01req/s] [内存消耗：2,375.85kb] [文件加载：74]
[ info ] [ LANG ] D:\phpStudy\PHPTutorial\WWW\demo\thinkphp\lang\zh-cn.php
[ info ] [ BIND ] 'index'
[ info ] [ ROUTE ] array (
)
[ info ] [ HEADER ] array (
  'cookie' => 'uid=1; type=1; name=admin',
  'accept-language' => 'zh-CN,zh;q=0.9',
  'accept-encoding' => 'gzip, deflate',
  'accept' => 'text/html,application/xhtml+xml,application/xml;q=0.9,image/webp,image/apng,*/*;q=0.8,application/signed-exchange;v=b3',
  'user-agent' => 'Mozilla/5.0 (Windows NT 10.0; Win64; x64) AppleWebKit/537.36 (KHTML, like Gecko) Chrome/76.0.3809.132 Safari/537.36',
  'upgrade-insecure-requests' => '1',
  'cache-control' => 'max-age=0',
  'connection' => 'close',
  'host' => 'demo.com',
)
[ info ] [ PARAM ] array (
)
[ info ] [ DB ] INIT mysql
[ info ] [ VIEW ] D:\phpStudy\PHPTutorial\WWW\demo\application\index\view\index\index.html [ array (
  0 => 'count',
) ]
[ sql ] [ DB ] CONNECT:[ UseTime:0.207319s ] mysql:host=sql.l211.vhostgo.com;port=3306;dbname=123456lupan;charset=utf8
[ sql ] [ SQL ] SHOW COLUMNS FROM `demo_skill` [ RunTime:0.099891s ]
[ sql ] [ SQL ] SELECT COUNT(*) AS tp_count FROM `demo_skill` WHERE  `status` = 1 [ RunTime:0.096539s ]
---------------------------------------------------------------

[2019-09-27T16:16:33+08:00] 127.0.0.1 GET demo.com/
[运行时间：0.427153s] [吞吐率：2.34req/s] [内存消耗：2,375.85kb] [文件加载：74]
[ info ] [ LANG ] D:\phpStudy\PHPTutorial\WWW\demo\thinkphp\lang\zh-cn.php
[ info ] [ BIND ] 'index'
[ info ] [ ROUTE ] array (
)
[ info ] [ HEADER ] array (
  'cookie' => 'uid=1; type=1; name=admin',
  'accept-language' => 'zh-CN,zh;q=0.9',
  'accept-encoding' => 'gzip, deflate',
  'accept' => 'text/html,application/xhtml+xml,application/xml;q=0.9,image/webp,image/apng,*/*;q=0.8,application/signed-exchange;v=b3',
  'user-agent' => 'Mozilla/5.0 (Windows NT 10.0; Win64; x64) AppleWebKit/537.36 (KHTML, like Gecko) Chrome/76.0.3809.132 Safari/537.36',
  'upgrade-insecure-requests' => '1',
  'cache-control' => 'max-age=0',
  'connection' => 'close',
  'host' => 'demo.com',
)
[ info ] [ PARAM ] array (
)
[ info ] [ DB ] INIT mysql
[ info ] [ VIEW ] D:\phpStudy\PHPTutorial\WWW\demo\application\index\view\index\index.html [ array (
  0 => 'count',
) ]
[ sql ] [ DB ] CONNECT:[ UseTime:0.155567s ] mysql:host=sql.l211.vhostgo.com;port=3306;dbname=123456lupan;charset=utf8
[ sql ] [ SQL ] SHOW COLUMNS FROM `demo_skill` [ RunTime:0.101307s ]
[ sql ] [ SQL ] SELECT COUNT(*) AS tp_count FROM `demo_skill` WHERE  `status` = 1 [ RunTime:0.104600s ]
---------------------------------------------------------------

[2019-09-27T16:16:34+08:00] 127.0.0.1 GET demo.com/admin.php/Skill/index.html
[运行时间：0.425622s] [吞吐率：2.35req/s] [内存消耗：2,715.22kb] [文件加载：90]
[ info ] [ LANG ] D:\phpStudy\PHPTutorial\WWW\demo\thinkphp\lang\zh-cn.php
[ info ] [ BIND ] 'admin'
[ info ] [ ROUTE ] array (
)
[ info ] [ HEADER ] array (
  'cookie' => 'uid=1; type=1; name=admin',
  'accept-language' => 'zh-CN,zh;q=0.9',
  'accept-encoding' => 'gzip, deflate',
  'referer' => 'http://demo.com/admin.php/User/uList.html',
  'accept' => 'text/html,application/xhtml+xml,application/xml;q=0.9,image/webp,image/apng,*/*;q=0.8,application/signed-exchange;v=b3',
  'user-agent' => 'Mozilla/5.0 (Windows NT 10.0; Win64; x64) AppleWebKit/537.36 (KHTML, like Gecko) Chrome/76.0.3809.132 Safari/537.36',
  'upgrade-insecure-requests' => '1',
  'cache-control' => 'max-age=0',
  'connection' => 'close',
  'host' => 'demo.com',
)
[ info ] [ PARAM ] array (
)
[ info ] [ DB ] INIT mysql
[ info ] [ VIEW ] D:\phpStudy\PHPTutorial\WWW\demo\application\admin\view\index\skillList.html [ array (
  0 => 'menus',
  1 => 'count',
) ]
[ sql ] [ DB ] CONNECT:[ UseTime:0.149497s ] mysql:host=sql.l211.vhostgo.com;port=3306;dbname=123456lupan;charset=utf8
[ sql ] [ SQL ] SHOW COLUMNS FROM `demo_skill` [ RunTime:0.103492s ]
[ sql ] [ SQL ] SELECT COUNT(*) AS tp_count FROM `demo_skill` WHERE  `status` = 1 [ RunTime:0.099565s ]
---------------------------------------------------------------

[2019-09-27T16:16:35+08:00] 127.0.0.1 POST demo.com/admin.php/Skill/index
[运行时间：0.523213s] [吞吐率：1.91req/s] [内存消耗：2,816.29kb] [文件加载：94]
[ info ] [ LANG ] D:\phpStudy\PHPTutorial\WWW\demo\thinkphp\lang\zh-cn.php
[ info ] [ BIND ] 'admin'
[ info ] [ ROUTE ] array (
)
[ info ] [ HEADER ] array (
  'cookie' => 'uid=1; type=1; name=admin',
  'accept-language' => 'zh-CN,zh;q=0.9',
  'accept-encoding' => 'gzip, deflate',
  'referer' => 'http://demo.com/admin.php/Skill/index.html',
  'content-type' => 'application/x-www-form-urlencoded; charset=UTF-8',
  'user-agent' => 'Mozilla/5.0 (Windows NT 10.0; Win64; x64) AppleWebKit/537.36 (KHTML, like Gecko) Chrome/76.0.3809.132 Safari/537.36',
  'x-requested-with' => 'XMLHttpRequest',
  'origin' => 'http://demo.com',
  'accept' => '*/*',
  'content-length' => '36',
  'connection' => 'close',
  'host' => 'demo.com',
)
[ info ] [ PARAM ] array (
  'keyword' => '',
  'searchType' => '1',
  'page' => '1',
  'size' => '10',
)
[ info ] [ DB ] INIT mysql
[ sql ] [ DB ] CONNECT:[ UseTime:0.154581s ] mysql:host=sql.l211.vhostgo.com;port=3306;dbname=123456lupan;charset=utf8
[ sql ] [ SQL ] SHOW COLUMNS FROM `demo_skill` [ RunTime:0.102436s ]
[ sql ] [ SQL ] SELECT COUNT(*) AS tp_count FROM `demo_skill` WHERE  ( status = 1 and  name like '%%' ) [ RunTime:0.101497s ]
[ sql ] [ SQL ] SELECT * FROM `demo_skill` WHERE  ( status = 1 and  name like '%%' ) ORDER BY `name` ASC LIMIT 0,10 [ RunTime:0.099217s ]
---------------------------------------------------------------

[2019-09-27T16:16:36+08:00] 127.0.0.1 GET demo.com/admin.php/Talent/index.html
[运行时间：0.378065s] [吞吐率：2.65req/s] [内存消耗：2,855.99kb] [文件加载：92]
[ info ] [ LANG ] D:\phpStudy\PHPTutorial\WWW\demo\thinkphp\lang\zh-cn.php
[ info ] [ BIND ] 'admin'
[ info ] [ ROUTE ] array (
)
[ info ] [ HEADER ] array (
  'cookie' => 'uid=1; type=1; name=admin',
  'accept-language' => 'zh-CN,zh;q=0.9',
  'accept-encoding' => 'gzip, deflate',
  'referer' => 'http://demo.com/admin.php/Skill/index.html',
  'accept' => 'text/html,application/xhtml+xml,application/xml;q=0.9,image/webp,image/apng,*/*;q=0.8,application/signed-exchange;v=b3',
  'user-agent' => 'Mozilla/5.0 (Windows NT 10.0; Win64; x64) AppleWebKit/537.36 (KHTML, like Gecko) Chrome/76.0.3809.132 Safari/537.36',
  'upgrade-insecure-requests' => '1',
  'connection' => 'close',
  'host' => 'demo.com',
)
[ info ] [ PARAM ] array (
)
[ info ] [ DB ] INIT mysql
[ info ] [ VIEW ] D:\phpStudy\PHPTutorial\WWW\demo\application\admin\view\index\talentList.html [ array (
  0 => 'menus',
  1 => 'count',
) ]
[ sql ] [ DB ] CONNECT:[ UseTime:0.131522s ] mysql:host=sql.l211.vhostgo.com;port=3306;dbname=123456lupan;charset=utf8
[ sql ] [ SQL ] SHOW COLUMNS FROM `demo_talent` [ RunTime:0.090525s ]
[ sql ] [ SQL ] SELECT COUNT(*) AS tp_count FROM `demo_talent` WHERE  `status` = 1 [ RunTime:0.088671s ]
---------------------------------------------------------------

[2019-09-27T16:16:37+08:00] 127.0.0.1 POST demo.com/admin.php/Talent/index
[运行时间：0.500963s] [吞吐率：2.00req/s] [内存消耗：2,807.83kb] [文件加载：94]
[ info ] [ LANG ] D:\phpStudy\PHPTutorial\WWW\demo\thinkphp\lang\zh-cn.php
[ info ] [ BIND ] 'admin'
[ info ] [ ROUTE ] array (
)
[ info ] [ HEADER ] array (
  'cookie' => 'uid=1; type=1; name=admin',
  'accept-language' => 'zh-CN,zh;q=0.9',
  'accept-encoding' => 'gzip, deflate',
  'referer' => 'http://demo.com/admin.php/Talent/index.html',
  'content-type' => 'application/x-www-form-urlencoded; charset=UTF-8',
  'user-agent' => 'Mozilla/5.0 (Windows NT 10.0; Win64; x64) AppleWebKit/537.36 (KHTML, like Gecko) Chrome/76.0.3809.132 Safari/537.36',
  'x-requested-with' => 'XMLHttpRequest',
  'origin' => 'http://demo.com',
  'accept' => '*/*',
  'content-length' => '23',
  'connection' => 'close',
  'host' => 'demo.com',
)
[ info ] [ PARAM ] array (
  'page' => '1',
  'size' => '10',
  'keyword' => '',
)
[ info ] [ DB ] INIT mysql
[ sql ] [ DB ] CONNECT:[ UseTime:0.145329s ] mysql:host=sql.l211.vhostgo.com;port=3306;dbname=123456lupan;charset=utf8
[ sql ] [ SQL ] SHOW COLUMNS FROM `demo_talent` [ RunTime:0.096188s ]
[ sql ] [ SQL ] SELECT COUNT(*) AS tp_count FROM `demo_talent` WHERE  ( status = 1 and  name like '%%' ) [ RunTime:0.096202s ]
[ sql ] [ SQL ] SELECT * FROM `demo_talent` WHERE  ( status = 1 and  name like '%%' ) ORDER BY `name` LIMIT 0,10 [ RunTime:0.095365s ]
---------------------------------------------------------------

[2019-09-27T16:16:38+08:00] 127.0.0.1 GET demo.com/admin.php/User/uList.html
[运行时间：0.396937s] [吞吐率：2.52req/s] [内存消耗：3,067.93kb] [文件加载：95]
[ info ] [ LANG ] D:\phpStudy\PHPTutorial\WWW\demo\thinkphp\lang\zh-cn.php
[ info ] [ BIND ] 'admin'
[ info ] [ ROUTE ] array (
)
[ info ] [ HEADER ] array (
  'cookie' => 'uid=1; type=1; name=admin',
  'accept-language' => 'zh-CN,zh;q=0.9',
  'accept-encoding' => 'gzip, deflate',
  'referer' => 'http://demo.com/admin.php/Talent/index.html',
  'accept' => 'text/html,application/xhtml+xml,application/xml;q=0.9,image/webp,image/apng,*/*;q=0.8,application/signed-exchange;v=b3',
  'user-agent' => 'Mozilla/5.0 (Windows NT 10.0; Win64; x64) AppleWebKit/537.36 (KHTML, like Gecko) Chrome/76.0.3809.132 Safari/537.36',
  'upgrade-insecure-requests' => '1',
  'connection' => 'close',
  'host' => 'demo.com',
)
[ info ] [ PARAM ] array (
)
[ info ] [ DB ] INIT mysql
[ info ] [ VIEW ] D:\phpStudy\PHPTutorial\WWW\demo\application\admin\view\index\userList.html [ array (
  0 => 'menus',
  1 => 'count',
) ]
[ sql ] [ DB ] CONNECT:[ UseTime:0.139881s ] mysql:host=sql.l211.vhostgo.com;port=3306;dbname=123456lupan;charset=utf8
[ sql ] [ SQL ] SHOW COLUMNS FROM `demo_user` [ RunTime:0.094330s ]
[ sql ] [ SQL ] SELECT COUNT(*) AS tp_count FROM `demo_user` WHERE  `is_admin` = 2  AND `status` = 1 [ RunTime:0.093316s ]
---------------------------------------------------------------

[2019-09-27T16:16:39+08:00] 127.0.0.1 POST demo.com/admin.php/User/uList
[运行时间：0.487933s] [吞吐率：2.05req/s] [内存消耗：3,000.06kb] [文件加载：96]
[ info ] [ LANG ] D:\phpStudy\PHPTutorial\WWW\demo\thinkphp\lang\zh-cn.php
[ info ] [ BIND ] 'admin'
[ info ] [ ROUTE ] array (
)
[ info ] [ HEADER ] array (
  'cookie' => 'uid=1; type=1; name=admin',
  'accept-language' => 'zh-CN,zh;q=0.9',
  'accept-encoding' => 'gzip, deflate',
  'referer' => 'http://demo.com/admin.php/User/uList.html',
  'content-type' => 'application/x-www-form-urlencoded; charset=UTF-8',
  'user-agent' => 'Mozilla/5.0 (Windows NT 10.0; Win64; x64) AppleWebKit/537.36 (KHTML, like Gecko) Chrome/76.0.3809.132 Safari/537.36',
  'x-requested-with' => 'XMLHttpRequest',
  'origin' => 'http://demo.com',
  'accept' => '*/*',
  'content-length' => '14',
  'connection' => 'close',
  'host' => 'demo.com',
)
[ info ] [ PARAM ] array (
  'page' => '1',
  'size' => '10',
)
[ info ] [ DB ] INIT mysql
[ sql ] [ DB ] CONNECT:[ UseTime:0.136887s ] mysql:host=sql.l211.vhostgo.com;port=3306;dbname=123456lupan;charset=utf8
[ sql ] [ SQL ] SHOW COLUMNS FROM `demo_user` [ RunTime:0.093074s ]
[ sql ] [ SQL ] SELECT COUNT(*) AS tp_count FROM `demo_user` WHERE  ( is_admin = 2 and status = 1  ) [ RunTime:0.094404s ]
[ sql ] [ SQL ] SELECT * FROM `demo_user` WHERE  ( is_admin = 2 and status = 1  ) LIMIT 0,10 [ RunTime:0.093614s ]
---------------------------------------------------------------

[2019-09-27T16:16:40+08:00] 127.0.0.1 GET demo.com/admin.php/Skill/index.html
[运行时间：0.404439s] [吞吐率：2.47req/s] [内存消耗：2,715.16kb] [文件加载：90]
[ info ] [ LANG ] D:\phpStudy\PHPTutorial\WWW\demo\thinkphp\lang\zh-cn.php
[ info ] [ BIND ] 'admin'
[ info ] [ ROUTE ] array (
)
[ info ] [ HEADER ] array (
  'cookie' => 'uid=1; type=1; name=admin',
  'accept-language' => 'zh-CN,zh;q=0.9',
  'accept-encoding' => 'gzip, deflate',
  'referer' => 'http://demo.com/admin.php/User/uList.html',
  'accept' => 'text/html,application/xhtml+xml,application/xml;q=0.9,image/webp,image/apng,*/*;q=0.8,application/signed-exchange;v=b3',
  'user-agent' => 'Mozilla/5.0 (Windows NT 10.0; Win64; x64) AppleWebKit/537.36 (KHTML, like Gecko) Chrome/76.0.3809.132 Safari/537.36',
  'upgrade-insecure-requests' => '1',
  'connection' => 'close',
  'host' => 'demo.com',
)
[ info ] [ PARAM ] array (
)
[ info ] [ DB ] INIT mysql
[ info ] [ VIEW ] D:\phpStudy\PHPTutorial\WWW\demo\application\admin\view\index\skillList.html [ array (
  0 => 'menus',
  1 => 'count',
) ]
[ sql ] [ DB ] CONNECT:[ UseTime:0.147058s ] mysql:host=sql.l211.vhostgo.com;port=3306;dbname=123456lupan;charset=utf8
[ sql ] [ SQL ] SHOW COLUMNS FROM `demo_skill` [ RunTime:0.097346s ]
[ sql ] [ SQL ] SELECT COUNT(*) AS tp_count FROM `demo_skill` WHERE  `status` = 1 [ RunTime:0.096027s ]
---------------------------------------------------------------

[2019-09-27T16:16:40+08:00] 127.0.0.1 POST demo.com/admin.php/Skill/index
[运行时间：0.513505s] [吞吐率：1.95req/s] [内存消耗：2,816.29kb] [文件加载：94]
[ info ] [ LANG ] D:\phpStudy\PHPTutorial\WWW\demo\thinkphp\lang\zh-cn.php
[ info ] [ BIND ] 'admin'
[ info ] [ ROUTE ] array (
)
[ info ] [ HEADER ] array (
  'cookie' => 'uid=1; type=1; name=admin',
  'accept-language' => 'zh-CN,zh;q=0.9',
  'accept-encoding' => 'gzip, deflate',
  'referer' => 'http://demo.com/admin.php/Skill/index.html',
  'content-type' => 'application/x-www-form-urlencoded; charset=UTF-8',
  'user-agent' => 'Mozilla/5.0 (Windows NT 10.0; Win64; x64) AppleWebKit/537.36 (KHTML, like Gecko) Chrome/76.0.3809.132 Safari/537.36',
  'x-requested-with' => 'XMLHttpRequest',
  'origin' => 'http://demo.com',
  'accept' => '*/*',
  'content-length' => '36',
  'connection' => 'close',
  'host' => 'demo.com',
)
[ info ] [ PARAM ] array (
  'keyword' => '',
  'searchType' => '1',
  'page' => '1',
  'size' => '10',
)
[ info ] [ DB ] INIT mysql
[ sql ] [ DB ] CONNECT:[ UseTime:0.150694s ] mysql:host=sql.l211.vhostgo.com;port=3306;dbname=123456lupan;charset=utf8
[ sql ] [ SQL ] SHOW COLUMNS FROM `demo_skill` [ RunTime:0.102226s ]
[ sql ] [ SQL ] SELECT COUNT(*) AS tp_count FROM `demo_skill` WHERE  ( status = 1 and  name like '%%' ) [ RunTime:0.098717s ]
[ sql ] [ SQL ] SELECT * FROM `demo_skill` WHERE  ( status = 1 and  name like '%%' ) ORDER BY `name` ASC LIMIT 0,10 [ RunTime:0.100426s ]
---------------------------------------------------------------

[2019-09-27T16:16:41+08:00] 127.0.0.1 GET demo.com/admin.php/User/uList.html
[运行时间：0.385736s] [吞吐率：2.59req/s] [内存消耗：2,861.32kb] [文件加载：93]
[ info ] [ LANG ] D:\phpStudy\PHPTutorial\WWW\demo\thinkphp\lang\zh-cn.php
[ info ] [ BIND ] 'admin'
[ info ] [ ROUTE ] array (
)
[ info ] [ HEADER ] array (
  'cookie' => 'uid=1; type=1; name=admin',
  'accept-language' => 'zh-CN,zh;q=0.9',
  'accept-encoding' => 'gzip, deflate',
  'referer' => 'http://demo.com/admin.php/Skill/index.html',
  'accept' => 'text/html,application/xhtml+xml,application/xml;q=0.9,image/webp,image/apng,*/*;q=0.8,application/signed-exchange;v=b3',
  'user-agent' => 'Mozilla/5.0 (Windows NT 10.0; Win64; x64) AppleWebKit/537.36 (KHTML, like Gecko) Chrome/76.0.3809.132 Safari/537.36',
  'upgrade-insecure-requests' => '1',
  'connection' => 'close',
  'host' => 'demo.com',
)
[ info ] [ PARAM ] array (
)
[ info ] [ DB ] INIT mysql
[ info ] [ VIEW ] D:\phpStudy\PHPTutorial\WWW\demo\application\admin\view\index\userList.html [ array (
  0 => 'menus',
  1 => 'count',
) ]
[ sql ] [ DB ] CONNECT:[ UseTime:0.133298s ] mysql:host=sql.l211.vhostgo.com;port=3306;dbname=123456lupan;charset=utf8
[ sql ] [ SQL ] SHOW COLUMNS FROM `demo_user` [ RunTime:0.093088s ]
[ sql ] [ SQL ] SELECT COUNT(*) AS tp_count FROM `demo_user` WHERE  `is_admin` = 2  AND `status` = 1 [ RunTime:0.096818s ]
---------------------------------------------------------------

[2019-09-27T16:16:41+08:00] 127.0.0.1 POST demo.com/admin.php/User/uList
[运行时间：0.493556s] [吞吐率：2.03req/s] [内存消耗：3,000.06kb] [文件加载：96]
[ info ] [ LANG ] D:\phpStudy\PHPTutorial\WWW\demo\thinkphp\lang\zh-cn.php
[ info ] [ BIND ] 'admin'
[ info ] [ ROUTE ] array (
)
[ info ] [ HEADER ] array (
  'cookie' => 'uid=1; type=1; name=admin',
  'accept-language' => 'zh-CN,zh;q=0.9',
  'accept-encoding' => 'gzip, deflate',
  'referer' => 'http://demo.com/admin.php/User/uList.html',
  'content-type' => 'application/x-www-form-urlencoded; charset=UTF-8',
  'user-agent' => 'Mozilla/5.0 (Windows NT 10.0; Win64; x64) AppleWebKit/537.36 (KHTML, like Gecko) Chrome/76.0.3809.132 Safari/537.36',
  'x-requested-with' => 'XMLHttpRequest',
  'origin' => 'http://demo.com',
  'accept' => '*/*',
  'content-length' => '14',
  'connection' => 'close',
  'host' => 'demo.com',
)
[ info ] [ PARAM ] array (
  'page' => '1',
  'size' => '10',
)
[ info ] [ DB ] INIT mysql
[ sql ] [ DB ] CONNECT:[ UseTime:0.136970s ] mysql:host=sql.l211.vhostgo.com;port=3306;dbname=123456lupan;charset=utf8
[ sql ] [ SQL ] SHOW COLUMNS FROM `demo_user` [ RunTime:0.095473s ]
[ sql ] [ SQL ] SELECT COUNT(*) AS tp_count FROM `demo_user` WHERE  ( is_admin = 2 and status = 1  ) [ RunTime:0.095119s ]
[ sql ] [ SQL ] SELECT * FROM `demo_user` WHERE  ( is_admin = 2 and status = 1  ) LIMIT 0,10 [ RunTime:0.094136s ]
---------------------------------------------------------------

[2019-09-27T16:44:50+08:00] 127.0.0.1 GET demo.com/
[运行时间：0.505393s] [吞吐率：1.98req/s] [内存消耗：2,375.85kb] [文件加载：74]
[ info ] [ LANG ] D:\phpStudy\PHPTutorial\WWW\demo\thinkphp\lang\zh-cn.php
[ info ] [ BIND ] 'index'
[ info ] [ ROUTE ] array (
)
[ info ] [ HEADER ] array (
  'cookie' => 'uid=1; type=1; name=admin',
  'accept-language' => 'zh-CN,zh;q=0.9',
  'accept-encoding' => 'gzip, deflate',
  'accept' => 'text/html,application/xhtml+xml,application/xml;q=0.9,image/webp,image/apng,*/*;q=0.8,application/signed-exchange;v=b3',
  'user-agent' => 'Mozilla/5.0 (Windows NT 10.0; Win64; x64) AppleWebKit/537.36 (KHTML, like Gecko) Chrome/76.0.3809.132 Safari/537.36',
  'upgrade-insecure-requests' => '1',
  'cache-control' => 'max-age=0',
  'connection' => 'close',
  'host' => 'demo.com',
)
[ info ] [ PARAM ] array (
)
[ info ] [ DB ] INIT mysql
[ info ] [ VIEW ] D:\phpStudy\PHPTutorial\WWW\demo\application\index\view\index\index.html [ array (
  0 => 'count',
) ]
[ sql ] [ DB ] CONNECT:[ UseTime:0.212308s ] mysql:host=sql.l211.vhostgo.com;port=3306;dbname=123456lupan;charset=utf8
[ sql ] [ SQL ] SHOW COLUMNS FROM `demo_skill` [ RunTime:0.103978s ]
[ sql ] [ SQL ] SELECT COUNT(*) AS tp_count FROM `demo_skill` WHERE  `status` = 1 [ RunTime:0.101399s ]
---------------------------------------------------------------

[2019-09-27T16:44:54+08:00] 127.0.0.1 GET demo.com/admin.php/User/uList.html
[运行时间：0.740699s] [吞吐率：1.35req/s] [内存消耗：2,861.38kb] [文件加载：93]
[ info ] [ LANG ] D:\phpStudy\PHPTutorial\WWW\demo\thinkphp\lang\zh-cn.php
[ info ] [ BIND ] 'admin'
[ info ] [ ROUTE ] array (
)
[ info ] [ HEADER ] array (
  'cookie' => 'uid=1; type=1; name=admin',
  'accept-language' => 'zh-CN,zh;q=0.9',
  'accept-encoding' => 'gzip, deflate',
  'referer' => 'http://demo.com/admin.php/Skill/index.html',
  'accept' => 'text/html,application/xhtml+xml,application/xml;q=0.9,image/webp,image/apng,*/*;q=0.8,application/signed-exchange;v=b3',
  'user-agent' => 'Mozilla/5.0 (Windows NT 10.0; Win64; x64) AppleWebKit/537.36 (KHTML, like Gecko) Chrome/76.0.3809.132 Safari/537.36',
  'upgrade-insecure-requests' => '1',
  'cache-control' => 'max-age=0',
  'connection' => 'close',
  'host' => 'demo.com',
)
[ info ] [ PARAM ] array (
)
[ info ] [ DB ] INIT mysql
[ info ] [ VIEW ] D:\phpStudy\PHPTutorial\WWW\demo\application\admin\view\index\userList.html [ array (
  0 => 'menus',
  1 => 'count',
) ]
[ sql ] [ DB ] CONNECT:[ UseTime:0.488864s ] mysql:host=sql.l211.vhostgo.com;port=3306;dbname=123456lupan;charset=utf8
[ sql ] [ SQL ] SHOW COLUMNS FROM `demo_user` [ RunTime:0.094808s ]
[ sql ] [ SQL ] SELECT COUNT(*) AS tp_count FROM `demo_user` WHERE  `is_admin` = 2  AND `status` = 1 [ RunTime:0.096720s ]
---------------------------------------------------------------

[2019-09-27T16:44:54+08:00] 127.0.0.1 POST demo.com/admin.php/User/uList
[运行时间：0.486428s] [吞吐率：2.06req/s] [内存消耗：3,000.06kb] [文件加载：96]
[ info ] [ LANG ] D:\phpStudy\PHPTutorial\WWW\demo\thinkphp\lang\zh-cn.php
[ info ] [ BIND ] 'admin'
[ info ] [ ROUTE ] array (
)
[ info ] [ HEADER ] array (
  'cookie' => 'uid=1; type=1; name=admin',
  'accept-language' => 'zh-CN,zh;q=0.9',
  'accept-encoding' => 'gzip, deflate',
  'referer' => 'http://demo.com/admin.php/User/uList.html',
  'content-type' => 'application/x-www-form-urlencoded; charset=UTF-8',
  'user-agent' => 'Mozilla/5.0 (Windows NT 10.0; Win64; x64) AppleWebKit/537.36 (KHTML, like Gecko) Chrome/76.0.3809.132 Safari/537.36',
  'x-requested-with' => 'XMLHttpRequest',
  'origin' => 'http://demo.com',
  'accept' => '*/*',
  'content-length' => '14',
  'connection' => 'close',
  'host' => 'demo.com',
)
[ info ] [ PARAM ] array (
  'page' => '1',
  'size' => '10',
)
[ info ] [ DB ] INIT mysql
[ sql ] [ DB ] CONNECT:[ UseTime:0.142471s ] mysql:host=sql.l211.vhostgo.com;port=3306;dbname=123456lupan;charset=utf8
[ sql ] [ SQL ] SHOW COLUMNS FROM `demo_user` [ RunTime:0.090349s ]
[ sql ] [ SQL ] SELECT COUNT(*) AS tp_count FROM `demo_user` WHERE  ( is_admin = 2 and status = 1  ) [ RunTime:0.099168s ]
[ sql ] [ SQL ] SELECT * FROM `demo_user` WHERE  ( is_admin = 2 and status = 1  ) LIMIT 0,10 [ RunTime:0.089051s ]
---------------------------------------------------------------

[2019-09-27T16:44:56+08:00] 127.0.0.1 GET demo.com/
[运行时间：0.404829s] [吞吐率：2.47req/s] [内存消耗：2,375.85kb] [文件加载：74]
[ info ] [ LANG ] D:\phpStudy\PHPTutorial\WWW\demo\thinkphp\lang\zh-cn.php
[ info ] [ BIND ] 'index'
[ info ] [ ROUTE ] array (
)
[ info ] [ HEADER ] array (
  'cookie' => 'uid=1; type=1; name=admin',
  'accept-language' => 'zh-CN,zh;q=0.9',
  'accept-encoding' => 'gzip, deflate',
  'accept' => 'text/html,application/xhtml+xml,application/xml;q=0.9,image/webp,image/apng,*/*;q=0.8,application/signed-exchange;v=b3',
  'user-agent' => 'Mozilla/5.0 (Windows NT 10.0; Win64; x64) AppleWebKit/537.36 (KHTML, like Gecko) Chrome/76.0.3809.132 Safari/537.36',
  'upgrade-insecure-requests' => '1',
  'cache-control' => 'max-age=0',
  'connection' => 'close',
  'host' => 'demo.com',
)
[ info ] [ PARAM ] array (
)
[ info ] [ DB ] INIT mysql
[ info ] [ VIEW ] D:\phpStudy\PHPTutorial\WWW\demo\application\index\view\index\index.html [ array (
  0 => 'count',
) ]
[ sql ] [ DB ] CONNECT:[ UseTime:0.158214s ] mysql:host=sql.l211.vhostgo.com;port=3306;dbname=123456lupan;charset=utf8
[ sql ] [ SQL ] SHOW COLUMNS FROM `demo_skill` [ RunTime:0.103064s ]
[ sql ] [ SQL ] SELECT COUNT(*) AS tp_count FROM `demo_skill` WHERE  `status` = 1 [ RunTime:0.101734s ]
---------------------------------------------------------------

[2019-09-27T16:45:28+08:00] 127.0.0.1 GET demo.com/
[运行时间：0.372261s] [吞吐率：2.69req/s] [内存消耗：2,375.85kb] [文件加载：74]
[ info ] [ LANG ] D:\phpStudy\PHPTutorial\WWW\demo\thinkphp\lang\zh-cn.php
[ info ] [ BIND ] 'index'
[ info ] [ ROUTE ] array (
)
[ info ] [ HEADER ] array (
  'cookie' => 'uid=1; type=1; name=admin',
  'accept-language' => 'zh-CN,zh;q=0.9',
  'accept-encoding' => 'gzip, deflate',
  'accept' => 'text/html,application/xhtml+xml,application/xml;q=0.9,image/webp,image/apng,*/*;q=0.8,application/signed-exchange;v=b3',
  'user-agent' => 'Mozilla/5.0 (Windows NT 10.0; Win64; x64) AppleWebKit/537.36 (KHTML, like Gecko) Chrome/76.0.3809.132 Safari/537.36',
  'upgrade-insecure-requests' => '1',
  'cache-control' => 'max-age=0',
  'connection' => 'close',
  'host' => 'demo.com',
)
[ info ] [ PARAM ] array (
)
[ info ] [ DB ] INIT mysql
[ info ] [ VIEW ] D:\phpStudy\PHPTutorial\WWW\demo\application\index\view\index\index.html [ array (
  0 => 'count',
) ]
[ sql ] [ DB ] CONNECT:[ UseTime:0.127348s ] mysql:host=sql.l211.vhostgo.com;port=3306;dbname=123456lupan;charset=utf8
[ sql ] [ SQL ] SHOW COLUMNS FROM `demo_skill` [ RunTime:0.097885s ]
[ sql ] [ SQL ] SELECT COUNT(*) AS tp_count FROM `demo_skill` WHERE  `status` = 1 [ RunTime:0.086963s ]
---------------------------------------------------------------

[2019-09-27T16:45:30+08:00] 127.0.0.1 GET demo.com/admin.php/User/uList.html
[运行时间：0.589187s] [吞吐率：1.70req/s] [内存消耗：2,861.38kb] [文件加载：93]
[ info ] [ LANG ] D:\phpStudy\PHPTutorial\WWW\demo\thinkphp\lang\zh-cn.php
[ info ] [ BIND ] 'admin'
[ info ] [ ROUTE ] array (
)
[ info ] [ HEADER ] array (
  'cookie' => 'uid=1; type=1; name=admin',
  'accept-language' => 'zh-CN,zh;q=0.9',
  'accept-encoding' => 'gzip, deflate',
  'referer' => 'http://demo.com/admin.php/Skill/index.html',
  'accept' => 'text/html,application/xhtml+xml,application/xml;q=0.9,image/webp,image/apng,*/*;q=0.8,application/signed-exchange;v=b3',
  'user-agent' => 'Mozilla/5.0 (Windows NT 10.0; Win64; x64) AppleWebKit/537.36 (KHTML, like Gecko) Chrome/76.0.3809.132 Safari/537.36',
  'upgrade-insecure-requests' => '1',
  'cache-control' => 'max-age=0',
  'connection' => 'close',
  'host' => 'demo.com',
)
[ info ] [ PARAM ] array (
)
[ info ] [ DB ] INIT mysql
[ info ] [ VIEW ] D:\phpStudy\PHPTutorial\WWW\demo\application\admin\view\index\userList.html [ array (
  0 => 'menus',
  1 => 'count',
) ]
[ sql ] [ DB ] CONNECT:[ UseTime:0.330852s ] mysql:host=sql.l211.vhostgo.com;port=3306;dbname=123456lupan;charset=utf8
[ sql ] [ SQL ] SHOW COLUMNS FROM `demo_user` [ RunTime:0.104911s ]
[ sql ] [ SQL ] SELECT COUNT(*) AS tp_count FROM `demo_user` WHERE  `is_admin` = 2  AND `status` = 1 [ RunTime:0.100654s ]
---------------------------------------------------------------

[2019-09-27T16:45:31+08:00] 127.0.0.1 POST demo.com/admin.php/User/uList
[运行时间：0.490591s] [吞吐率：2.04req/s] [内存消耗：3,000.06kb] [文件加载：96]
[ info ] [ LANG ] D:\phpStudy\PHPTutorial\WWW\demo\thinkphp\lang\zh-cn.php
[ info ] [ BIND ] 'admin'
[ info ] [ ROUTE ] array (
)
[ info ] [ HEADER ] array (
  'cookie' => 'uid=1; type=1; name=admin',
  'accept-language' => 'zh-CN,zh;q=0.9',
  'accept-encoding' => 'gzip, deflate',
  'referer' => 'http://demo.com/admin.php/User/uList.html',
  'content-type' => 'application/x-www-form-urlencoded; charset=UTF-8',
  'user-agent' => 'Mozilla/5.0 (Windows NT 10.0; Win64; x64) AppleWebKit/537.36 (KHTML, like Gecko) Chrome/76.0.3809.132 Safari/537.36',
  'x-requested-with' => 'XMLHttpRequest',
  'origin' => 'http://demo.com',
  'accept' => '*/*',
  'content-length' => '14',
  'connection' => 'close',
  'host' => 'demo.com',
)
[ info ] [ PARAM ] array (
  'page' => '1',
  'size' => '10',
)
[ info ] [ DB ] INIT mysql
[ sql ] [ DB ] CONNECT:[ UseTime:0.140778s ] mysql:host=sql.l211.vhostgo.com;port=3306;dbname=123456lupan;charset=utf8
[ sql ] [ SQL ] SHOW COLUMNS FROM `demo_user` [ RunTime:0.094784s ]
[ sql ] [ SQL ] SELECT COUNT(*) AS tp_count FROM `demo_user` WHERE  ( is_admin = 2 and status = 1  ) [ RunTime:0.094017s ]
[ sql ] [ SQL ] SELECT * FROM `demo_user` WHERE  ( is_admin = 2 and status = 1  ) LIMIT 0,10 [ RunTime:0.095012s ]
---------------------------------------------------------------

[2019-09-27T17:12:54+08:00] 127.0.0.1 GET demo.com/
[运行时间：0.482380s] [吞吐率：2.07req/s] [内存消耗：2,375.85kb] [文件加载：74]
[ info ] [ LANG ] D:\phpStudy\PHPTutorial\WWW\demo\thinkphp\lang\zh-cn.php
[ info ] [ BIND ] 'index'
[ info ] [ ROUTE ] array (
)
[ info ] [ HEADER ] array (
  'cookie' => 'uid=1; type=1; name=admin',
  'accept-language' => 'zh-CN,zh;q=0.9',
  'accept-encoding' => 'gzip, deflate',
  'accept' => 'text/html,application/xhtml+xml,application/xml;q=0.9,image/webp,image/apng,*/*;q=0.8,application/signed-exchange;v=b3',
  'user-agent' => 'Mozilla/5.0 (Windows NT 10.0; Win64; x64) AppleWebKit/537.36 (KHTML, like Gecko) Chrome/76.0.3809.132 Safari/537.36',
  'upgrade-insecure-requests' => '1',
  'cache-control' => 'max-age=0',
  'connection' => 'close',
  'host' => 'demo.com',
)
[ info ] [ PARAM ] array (
)
[ info ] [ DB ] INIT mysql
[ info ] [ VIEW ] D:\phpStudy\PHPTutorial\WWW\demo\application\index\view\index\index.html [ array (
  0 => 'count',
) ]
[ sql ] [ DB ] CONNECT:[ UseTime:0.194860s ] mysql:host=sql.l211.vhostgo.com;port=3306;dbname=123456lupan;charset=utf8
[ sql ] [ SQL ] SHOW COLUMNS FROM `demo_skill` [ RunTime:0.094308s ]
[ sql ] [ SQL ] SELECT COUNT(*) AS tp_count FROM `demo_skill` WHERE  `status` = 1 [ RunTime:0.095010s ]
---------------------------------------------------------------

[2019-09-27T17:19:53+08:00] 127.0.0.1 GET demo.com/
[运行时间：0.397999s] [吞吐率：2.51req/s] [内存消耗：2,375.85kb] [文件加载：74]
[ info ] [ LANG ] D:\phpStudy\PHPTutorial\WWW\demo\thinkphp\lang\zh-cn.php
[ info ] [ BIND ] 'index'
[ info ] [ ROUTE ] array (
)
[ info ] [ HEADER ] array (
  'cookie' => 'uid=1; type=1; name=admin',
  'accept-language' => 'zh-CN,zh;q=0.9',
  'accept-encoding' => 'gzip, deflate',
  'accept' => 'text/html,application/xhtml+xml,application/xml;q=0.9,image/webp,image/apng,*/*;q=0.8,application/signed-exchange;v=b3',
  'user-agent' => 'Mozilla/5.0 (Windows NT 10.0; Win64; x64) AppleWebKit/537.36 (KHTML, like Gecko) Chrome/76.0.3809.132 Safari/537.36',
  'upgrade-insecure-requests' => '1',
  'cache-control' => 'max-age=0',
  'connection' => 'close',
  'host' => 'demo.com',
)
[ info ] [ PARAM ] array (
)
[ info ] [ DB ] INIT mysql
[ info ] [ VIEW ] D:\phpStudy\PHPTutorial\WWW\demo\application\index\view\index\index.html [ array (
  0 => 'count',
) ]
[ sql ] [ DB ] CONNECT:[ UseTime:0.137688s ] mysql:host=sql.l211.vhostgo.com;port=3306;dbname=123456lupan;charset=utf8
[ sql ] [ SQL ] SHOW COLUMNS FROM `demo_skill` [ RunTime:0.090336s ]
[ sql ] [ SQL ] SELECT COUNT(*) AS tp_count FROM `demo_skill` WHERE  `status` = 1 [ RunTime:0.090214s ]
---------------------------------------------------------------

[2019-09-27T17:19:57+08:00] 127.0.0.1 POST demo.com/index.php/Index/getList
[运行时间：0.477842s] [吞吐率：2.09req/s] [内存消耗：2,472.03kb] [文件加载：77]
[ info ] [ LANG ] D:\phpStudy\PHPTutorial\WWW\demo\thinkphp\lang\zh-cn.php
[ info ] [ BIND ] 'index'
[ info ] [ ROUTE ] array (
)
[ info ] [ HEADER ] array (
  'cookie' => 'uid=1; type=1; name=admin',
  'accept-language' => 'zh-CN,zh;q=0.9',
  'accept-encoding' => 'gzip, deflate',
  'referer' => 'http://demo.com/',
  'content-type' => 'application/x-www-form-urlencoded; charset=UTF-8',
  'user-agent' => 'Mozilla/5.0 (Windows NT 10.0; Win64; x64) AppleWebKit/537.36 (KHTML, like Gecko) Chrome/76.0.3809.132 Safari/537.36',
  'x-requested-with' => 'XMLHttpRequest',
  'origin' => 'http://demo.com',
  'accept' => '*/*',
  'content-length' => '47',
  'connection' => 'close',
  'host' => 'demo.com',
)
[ info ] [ PARAM ] array (
  'page' => '1',
  'size' => '10',
  'type' => 'skill',
  'searchType' => '1',
  'keyword' => '',
)
[ info ] [ DB ] INIT mysql
[ sql ] [ DB ] CONNECT:[ UseTime:0.144157s ] mysql:host=sql.l211.vhostgo.com;port=3306;dbname=123456lupan;charset=utf8
[ sql ] [ SQL ] SHOW COLUMNS FROM `demo_skill` [ RunTime:0.098861s ]
[ sql ] [ SQL ] SELECT COUNT(*) AS tp_count FROM `demo_skill` WHERE  ( status = 1 and  name like '%%' ) [ RunTime:0.094876s ]
[ sql ] [ SQL ] SELECT * FROM `demo_skill` WHERE  ( status = 1 and  name like '%%' ) ORDER BY `id` LIMIT 0,10 [ RunTime:0.097701s ]
---------------------------------------------------------------

[2019-09-27T17:21:08+08:00] 127.0.0.1 GET demo.com/
[运行时间：0.357709s] [吞吐率：2.80req/s] [内存消耗：2,375.85kb] [文件加载：74]
[ info ] [ LANG ] D:\phpStudy\PHPTutorial\WWW\demo\thinkphp\lang\zh-cn.php
[ info ] [ BIND ] 'index'
[ info ] [ ROUTE ] array (
)
[ info ] [ HEADER ] array (
  'cookie' => 'uid=1; type=1; name=admin',
  'accept-language' => 'zh-CN,zh;q=0.9',
  'accept-encoding' => 'gzip, deflate',
  'accept' => 'text/html,application/xhtml+xml,application/xml;q=0.9,image/webp,image/apng,*/*;q=0.8,application/signed-exchange;v=b3',
  'user-agent' => 'Mozilla/5.0 (Windows NT 10.0; Win64; x64) AppleWebKit/537.36 (KHTML, like Gecko) Chrome/76.0.3809.132 Safari/537.36',
  'upgrade-insecure-requests' => '1',
  'cache-control' => 'max-age=0',
  'connection' => 'close',
  'host' => 'demo.com',
)
[ info ] [ PARAM ] array (
)
[ info ] [ DB ] INIT mysql
[ info ] [ VIEW ] D:\phpStudy\PHPTutorial\WWW\demo\application\index\view\index\index.html [ array (
  0 => 'count',
) ]
[ sql ] [ DB ] CONNECT:[ UseTime:0.120451s ] mysql:host=sql.l211.vhostgo.com;port=3306;dbname=123456lupan;charset=utf8
[ sql ] [ SQL ] SHOW COLUMNS FROM `demo_skill` [ RunTime:0.107770s ]
[ sql ] [ SQL ] SELECT COUNT(*) AS tp_count FROM `demo_skill` WHERE  `status` = 1 [ RunTime:0.081051s ]
---------------------------------------------------------------

[2019-09-27T17:21:11+08:00] 127.0.0.1 POST demo.com/index.php/Index/getList
[运行时间：0.428201s] [吞吐率：2.34req/s] [内存消耗：2,472.03kb] [文件加载：77]
[ info ] [ LANG ] D:\phpStudy\PHPTutorial\WWW\demo\thinkphp\lang\zh-cn.php
[ info ] [ BIND ] 'index'
[ info ] [ ROUTE ] array (
)
[ info ] [ HEADER ] array (
  'cookie' => 'uid=1; type=1; name=admin',
  'accept-language' => 'zh-CN,zh;q=0.9',
  'accept-encoding' => 'gzip, deflate',
  'referer' => 'http://demo.com/',
  'content-type' => 'application/x-www-form-urlencoded; charset=UTF-8',
  'user-agent' => 'Mozilla/5.0 (Windows NT 10.0; Win64; x64) AppleWebKit/537.36 (KHTML, like Gecko) Chrome/76.0.3809.132 Safari/537.36',
  'x-requested-with' => 'XMLHttpRequest',
  'origin' => 'http://demo.com',
  'accept' => '*/*',
  'content-length' => '47',
  'connection' => 'close',
  'host' => 'demo.com',
)
[ info ] [ PARAM ] array (
  'page' => '1',
  'size' => '10',
  'type' => 'skill',
  'searchType' => '1',
  'keyword' => '',
)
[ info ] [ DB ] INIT mysql
[ sql ] [ DB ] CONNECT:[ UseTime:0.117204s ] mysql:host=sql.l211.vhostgo.com;port=3306;dbname=123456lupan;charset=utf8
[ sql ] [ SQL ] SHOW COLUMNS FROM `demo_skill` [ RunTime:0.081065s ]
[ sql ] [ SQL ] SELECT COUNT(*) AS tp_count FROM `demo_skill` WHERE  ( status = 1 and  name like '%%' ) [ RunTime:0.098804s ]
[ sql ] [ SQL ] SELECT * FROM `demo_skill` WHERE  ( status = 1 and  name like '%%' ) ORDER BY `id` LIMIT 0,10 [ RunTime:0.087618s ]
---------------------------------------------------------------

[2019-09-27T17:21:16+08:00] 127.0.0.1 GET demo.com/
[运行时间：0.349696s] [吞吐率：2.86req/s] [内存消耗：2,376.03kb] [文件加载：74]
[ info ] [ LANG ] D:\phpStudy\PHPTutorial\WWW\demo\thinkphp\lang\zh-cn.php
[ info ] [ BIND ] 'index'
[ info ] [ ROUTE ] array (
)
[ info ] [ HEADER ] array (
  'cookie' => 'uid=1; type=1; name=admin',
  'accept-language' => 'zh-CN,zh;q=0.9',
  'accept-encoding' => 'gzip, deflate',
  'accept' => 'text/html,application/xhtml+xml,application/xml;q=0.9,image/webp,image/apng,*/*;q=0.8,application/signed-exchange;v=b3',
  'user-agent' => 'Mozilla/5.0 (Windows NT 10.0; Win64; x64) AppleWebKit/537.36 (KHTML, like Gecko) Chrome/76.0.3809.132 Safari/537.36',
  'upgrade-insecure-requests' => '1',
  'cache-control' => 'no-cache',
  'pragma' => 'no-cache',
  'connection' => 'close',
  'host' => 'demo.com',
)
[ info ] [ PARAM ] array (
)
[ info ] [ DB ] INIT mysql
[ info ] [ VIEW ] D:\phpStudy\PHPTutorial\WWW\demo\application\index\view\index\index.html [ array (
  0 => 'count',
) ]
[ sql ] [ DB ] CONNECT:[ UseTime:0.126120s ] mysql:host=sql.l211.vhostgo.com;port=3306;dbname=123456lupan;charset=utf8
[ sql ] [ SQL ] SHOW COLUMNS FROM `demo_skill` [ RunTime:0.086564s ]
[ sql ] [ SQL ] SELECT COUNT(*) AS tp_count FROM `demo_skill` WHERE  `status` = 1 [ RunTime:0.085634s ]
---------------------------------------------------------------

[2019-09-27T17:21:19+08:00] 127.0.0.1 POST demo.com/index.php/Index/getList
[运行时间：0.412978s] [吞吐率：2.42req/s] [内存消耗：2,472.03kb] [文件加载：77]
[ info ] [ LANG ] D:\phpStudy\PHPTutorial\WWW\demo\thinkphp\lang\zh-cn.php
[ info ] [ BIND ] 'index'
[ info ] [ ROUTE ] array (
)
[ info ] [ HEADER ] array (
  'cookie' => 'uid=1; type=1; name=admin',
  'accept-language' => 'zh-CN,zh;q=0.9',
  'accept-encoding' => 'gzip, deflate',
  'referer' => 'http://demo.com/',
  'content-type' => 'application/x-www-form-urlencoded; charset=UTF-8',
  'user-agent' => 'Mozilla/5.0 (Windows NT 10.0; Win64; x64) AppleWebKit/537.36 (KHTML, like Gecko) Chrome/76.0.3809.132 Safari/537.36',
  'x-requested-with' => 'XMLHttpRequest',
  'origin' => 'http://demo.com',
  'accept' => '*/*',
  'content-length' => '47',
  'connection' => 'close',
  'host' => 'demo.com',
)
[ info ] [ PARAM ] array (
  'page' => '1',
  'size' => '10',
  'type' => 'skill',
  'searchType' => '1',
  'keyword' => '',
)
[ info ] [ DB ] INIT mysql
[ sql ] [ DB ] CONNECT:[ UseTime:0.122117s ] mysql:host=sql.l211.vhostgo.com;port=3306;dbname=123456lupan;charset=utf8
[ sql ] [ SQL ] SHOW COLUMNS FROM `demo_skill` [ RunTime:0.080844s ]
[ sql ] [ SQL ] SELECT COUNT(*) AS tp_count FROM `demo_skill` WHERE  ( status = 1 and  name like '%%' ) [ RunTime:0.080883s ]
[ sql ] [ SQL ] SELECT * FROM `demo_skill` WHERE  ( status = 1 and  name like '%%' ) ORDER BY `id` LIMIT 0,10 [ RunTime:0.082190s ]
---------------------------------------------------------------

[2019-09-27T17:22:14+08:00] 127.0.0.1 GET demo.com/
[运行时间：0.433814s] [吞吐率：2.31req/s] [内存消耗：2,375.85kb] [文件加载：74]
[ info ] [ LANG ] D:\phpStudy\PHPTutorial\WWW\demo\thinkphp\lang\zh-cn.php
[ info ] [ BIND ] 'index'
[ info ] [ ROUTE ] array (
)
[ info ] [ HEADER ] array (
  'cookie' => 'uid=1; type=1; name=admin',
  'accept-language' => 'zh-CN,zh;q=0.9',
  'accept-encoding' => 'gzip, deflate',
  'accept' => 'text/html,application/xhtml+xml,application/xml;q=0.9,image/webp,image/apng,*/*;q=0.8,application/signed-exchange;v=b3',
  'user-agent' => 'Mozilla/5.0 (Windows NT 10.0; Win64; x64) AppleWebKit/537.36 (KHTML, like Gecko) Chrome/76.0.3809.132 Safari/537.36',
  'upgrade-insecure-requests' => '1',
  'cache-control' => 'max-age=0',
  'connection' => 'close',
  'host' => 'demo.com',
)
[ info ] [ PARAM ] array (
)
[ info ] [ DB ] INIT mysql
[ info ] [ VIEW ] D:\phpStudy\PHPTutorial\WWW\demo\application\index\view\index\index.html [ array (
  0 => 'count',
) ]
[ sql ] [ DB ] CONNECT:[ UseTime:0.149044s ] mysql:host=sql.l211.vhostgo.com;port=3306;dbname=123456lupan;charset=utf8
[ sql ] [ SQL ] SHOW COLUMNS FROM `demo_skill` [ RunTime:0.121027s ]
[ sql ] [ SQL ] SELECT COUNT(*) AS tp_count FROM `demo_skill` WHERE  `status` = 1 [ RunTime:0.103388s ]
---------------------------------------------------------------

[2019-09-27T17:22:15+08:00] 127.0.0.1 POST demo.com/index.php/Index/getList
[运行时间：0.450921s] [吞吐率：2.22req/s] [内存消耗：2,472.03kb] [文件加载：77]
[ info ] [ LANG ] D:\phpStudy\PHPTutorial\WWW\demo\thinkphp\lang\zh-cn.php
[ info ] [ BIND ] 'index'
[ info ] [ ROUTE ] array (
)
[ info ] [ HEADER ] array (
  'cookie' => 'uid=1; type=1; name=admin',
  'accept-language' => 'zh-CN,zh;q=0.9',
  'accept-encoding' => 'gzip, deflate',
  'referer' => 'http://demo.com/',
  'content-type' => 'application/x-www-form-urlencoded; charset=UTF-8',
  'user-agent' => 'Mozilla/5.0 (Windows NT 10.0; Win64; x64) AppleWebKit/537.36 (KHTML, like Gecko) Chrome/76.0.3809.132 Safari/537.36',
  'x-requested-with' => 'XMLHttpRequest',
  'origin' => 'http://demo.com',
  'accept' => '*/*',
  'content-length' => '47',
  'connection' => 'close',
  'host' => 'demo.com',
)
[ info ] [ PARAM ] array (
  'page' => '1',
  'size' => '10',
  'type' => 'skill',
  'searchType' => '1',
  'keyword' => '',
)
[ info ] [ DB ] INIT mysql
[ sql ] [ DB ] CONNECT:[ UseTime:0.129680s ] mysql:host=sql.l211.vhostgo.com;port=3306;dbname=123456lupan;charset=utf8
[ sql ] [ SQL ] SHOW COLUMNS FROM `demo_skill` [ RunTime:0.088152s ]
[ sql ] [ SQL ] SELECT COUNT(*) AS tp_count FROM `demo_skill` WHERE  ( status = 1 and  name like '%%' ) [ RunTime:0.089858s ]
[ sql ] [ SQL ] SELECT * FROM `demo_skill` WHERE  ( status = 1 and  name like '%%' ) ORDER BY `id` LIMIT 0,10 [ RunTime:0.092116s ]
---------------------------------------------------------------

[2019-09-27T17:22:30+08:00] 127.0.0.1 GET demo.com/
[运行时间：0.440150s] [吞吐率：2.27req/s] [内存消耗：2,376.03kb] [文件加载：74]
[ info ] [ LANG ] D:\phpStudy\PHPTutorial\WWW\demo\thinkphp\lang\zh-cn.php
[ info ] [ BIND ] 'index'
[ info ] [ ROUTE ] array (
)
[ info ] [ HEADER ] array (
  'cookie' => 'uid=1; type=1; name=admin',
  'accept-language' => 'zh-CN,zh;q=0.9',
  'accept-encoding' => 'gzip, deflate',
  'accept' => 'text/html,application/xhtml+xml,application/xml;q=0.9,image/webp,image/apng,*/*;q=0.8,application/signed-exchange;v=b3',
  'user-agent' => 'Mozilla/5.0 (Windows NT 10.0; Win64; x64) AppleWebKit/537.36 (KHTML, like Gecko) Chrome/76.0.3809.132 Safari/537.36',
  'upgrade-insecure-requests' => '1',
  'cache-control' => 'no-cache',
  'pragma' => 'no-cache',
  'connection' => 'close',
  'host' => 'demo.com',
)
[ info ] [ PARAM ] array (
)
[ info ] [ DB ] INIT mysql
[ info ] [ VIEW ] D:\phpStudy\PHPTutorial\WWW\demo\application\index\view\index\index.html [ array (
  0 => 'count',
) ]
[ sql ] [ DB ] CONNECT:[ UseTime:0.161566s ] mysql:host=sql.l211.vhostgo.com;port=3306;dbname=123456lupan;charset=utf8
[ sql ] [ SQL ] SHOW COLUMNS FROM `demo_skill` [ RunTime:0.109041s ]
[ sql ] [ SQL ] SELECT COUNT(*) AS tp_count FROM `demo_skill` WHERE  `status` = 1 [ RunTime:0.122897s ]
---------------------------------------------------------------

[2019-09-27T17:22:32+08:00] 127.0.0.1 POST demo.com/index.php/Index/getList
[运行时间：0.499343s] [吞吐率：2.00req/s] [内存消耗：2,472.03kb] [文件加载：77]
[ info ] [ LANG ] D:\phpStudy\PHPTutorial\WWW\demo\thinkphp\lang\zh-cn.php
[ info ] [ BIND ] 'index'
[ info ] [ ROUTE ] array (
)
[ info ] [ HEADER ] array (
  'cookie' => 'uid=1; type=1; name=admin',
  'accept-language' => 'zh-CN,zh;q=0.9',
  'accept-encoding' => 'gzip, deflate',
  'referer' => 'http://demo.com/',
  'content-type' => 'application/x-www-form-urlencoded; charset=UTF-8',
  'user-agent' => 'Mozilla/5.0 (Windows NT 10.0; Win64; x64) AppleWebKit/537.36 (KHTML, like Gecko) Chrome/76.0.3809.132 Safari/537.36',
  'x-requested-with' => 'XMLHttpRequest',
  'origin' => 'http://demo.com',
  'accept' => '*/*',
  'content-length' => '47',
  'connection' => 'close',
  'host' => 'demo.com',
)
[ info ] [ PARAM ] array (
  'page' => '1',
  'size' => '10',
  'type' => 'skill',
  'searchType' => '1',
  'keyword' => '',
)
[ info ] [ DB ] INIT mysql
[ sql ] [ DB ] CONNECT:[ UseTime:0.145168s ] mysql:host=sql.l211.vhostgo.com;port=3306;dbname=123456lupan;charset=utf8
[ sql ] [ SQL ] SHOW COLUMNS FROM `demo_skill` [ RunTime:0.101788s ]
[ sql ] [ SQL ] SELECT COUNT(*) AS tp_count FROM `demo_skill` WHERE  ( status = 1 and  name like '%%' ) [ RunTime:0.107021s ]
[ sql ] [ SQL ] SELECT * FROM `demo_skill` WHERE  ( status = 1 and  name like '%%' ) ORDER BY `id` LIMIT 0,10 [ RunTime:0.100137s ]
